<?xml version="1.0" encoding="UTF-8"?>
<testng-results skipped="0" failed="1" ignored="1" total="6" passed="4">
  <reporter-output>
  </reporter-output>
  <suite name="Automation Test" duration-ms="277" started-at="2018-01-14T04:56:57Z" finished-at="2018-01-14T04:56:57Z">
    <groups>
    </groups>
    <test name="Smoke TestCases" duration-ms="69" started-at="2018-01-14T04:56:57Z" finished-at="2018-01-14T04:56:57Z">
      <class name="Framework.testNG.annotations_testNG">
        <test-method status="PASS" signature="openingBrowser()[pri:0, instance:Framework.testNG.annotations_testNG@1563da5]" name="openingBrowser" is-config="true" duration-ms="0" started-at="2018-01-13T21:56:57Z" finished-at="2018-01-13T21:56:57Z">
          <reporter-output>
          </reporter-output>
        </test-method> <!-- openingBrowser -->
        <test-method status="PASS" signature="beforeEachMethod()[pri:0, instance:Framework.testNG.annotations_testNG@1563da5]" name="beforeEachMethod" is-config="true" duration-ms="1" started-at="2018-01-13T21:56:57Z" finished-at="2018-01-13T21:56:57Z">
          <reporter-output>
          </reporter-output>
        </test-method> <!-- beforeEachMethod -->
        <test-method status="FAIL" signature="assignedSeat()[pri:0, instance:Framework.testNG.annotations_testNG@1563da5]" name="assignedSeat" duration-ms="14" started-at="2018-01-13T21:56:57Z" finished-at="2018-01-13T21:56:57Z">
          <exception class="java.lang.AssertionError">
            <full-stacktrace>
              <![CDATA[java.lang.AssertionErrorat org.junit.Assert.fail(Assert.java:86)at org.junit.Assert.assertTrue(Assert.java:41)at org.junit.Assert.assertTrue(Assert.java:52)at Framework.testNG.annotations_testNG.assignedSeat(annotations_testNG.java:31)at sun.reflect.NativeMethodAccessorImpl.invoke0(Native Method)at sun.reflect.NativeMethodAccessorImpl.invoke(NativeMethodAccessorImpl.java:62)at sun.reflect.DelegatingMethodAccessorImpl.invoke(DelegatingMethodAccessorImpl.java:43)at java.lang.reflect.Method.invoke(Method.java:498)at org.testng.internal.MethodInvocationHelper.invokeMethod(MethodInvocationHelper.java:124)at org.testng.internal.Invoker.invokeMethod(Invoker.java:571)at org.testng.internal.Invoker.invokeTestMethod(Invoker.java:707)at org.testng.internal.Invoker.invokeTestMethods(Invoker.java:979)at org.testng.internal.TestMethodWorker.invokeTestMethods(TestMethodWorker.java:125)at org.testng.internal.TestMethodWorker.run(TestMethodWorker.java:109)at org.testng.TestRunner.privateRun(TestRunner.java:648)at org.testng.TestRunner.run(TestRunner.java:505)at org.testng.SuiteRunner.runTest(SuiteRunner.java:455)at org.testng.SuiteRunner.runSequentially(SuiteRunner.java:450)at org.testng.SuiteRunner.privateRun(SuiteRunner.java:415)at org.testng.SuiteRunner.run(SuiteRunner.java:364)at org.testng.SuiteRunnerWorker.runSuite(SuiteRunnerWorker.java:52)at org.testng.SuiteRunnerWorker.run(SuiteRunnerWorker.java:84)at org.testng.TestNG.runSuitesSequentially(TestNG.java:1187)at org.testng.TestNG.runSuitesLocally(TestNG.java:1116)at org.testng.TestNG.runSuites(TestNG.java:1028)at org.testng.TestNG.run(TestNG.java:996)at org.testng.remote.AbstractRemoteTestNG.run(AbstractRemoteTestNG.java:114)at org.testng.remote.RemoteTestNG.initAndRun(RemoteTestNG.java:251)at org.testng.remote.RemoteTestNG.main(RemoteTestNG.java:77)]]>
            </full-stacktrace>
          </exception> <!-- java.lang.AssertionError -->
          <reporter-output>
          </reporter-output>
        </test-method> <!-- assignedSeat -->
        <test-method status="PASS" signature="reportAdding()[pri:0, instance:Framework.testNG.annotations_testNG@1563da5]" name="reportAdding" is-config="true" duration-ms="0" started-at="2018-01-13T21:56:57Z" finished-at="2018-01-13T21:56:57Z">
          <reporter-output>
          </reporter-output>
        </test-method> <!-- reportAdding -->
        <test-method status="PASS" signature="flightBooking()[pri:0, instance:Framework.testNG.annotations_testNG@1563da5]" name="flightBooking" duration-ms="2" started-at="2018-01-13T21:56:57Z" finished-at="2018-01-13T21:56:57Z">
          <reporter-output>
          </reporter-output>
        </test-method> <!-- flightBooking -->
        <test-method status="PASS" signature="beforeEachMethod()[pri:0, instance:Framework.testNG.annotations_testNG@1563da5]" name="beforeEachMethod" is-config="true" duration-ms="0" started-at="2018-01-13T21:56:57Z" finished-at="2018-01-13T21:56:57Z">
          <reporter-output>
          </reporter-output>
        </test-method> <!-- beforeEachMethod -->
        <test-method status="PASS" signature="reportAdding()[pri:0, instance:Framework.testNG.annotations_testNG@1563da5]" name="reportAdding" is-config="true" duration-ms="0" started-at="2018-01-13T21:56:57Z" finished-at="2018-01-13T21:56:57Z">
          <reporter-output>
          </reporter-output>
        </test-method> <!-- reportAdding -->
        <test-method status="PASS" signature="DeleteCookies()[pri:0, instance:Framework.testNG.annotations_testNG@1563da5]" name="DeleteCookies" is-config="true" duration-ms="0" started-at="2018-01-13T21:56:57Z" finished-at="2018-01-13T21:56:57Z">
          <reporter-output>
          </reporter-output>
        </test-method> <!-- DeleteCookies -->
      </class> <!-- Framework.testNG.annotations_testNG -->
    </test> <!-- Smoke TestCases -->
    <test name="Smoke-2 TestCases" duration-ms="33" started-at="2018-01-14T04:56:57Z" finished-at="2018-01-14T04:56:57Z">
      <class name="Framework.testNG.prioritizing_test">
        <test-method status="PASS" signature="SecondTest()[pri:0, instance:Framework.testNG.prioritizing_test@436e852b]" name="SecondTest" duration-ms="3" started-at="2018-01-13T21:56:57Z" finished-at="2018-01-13T21:56:57Z">
          <reporter-output>
          </reporter-output>
        </test-method> <!-- SecondTest -->
        <test-method status="PASS" signature="FourthTest()[pri:0, instance:Framework.testNG.prioritizing_test@436e852b]" name="FourthTest" duration-ms="15" started-at="2018-01-13T21:56:57Z" finished-at="2018-01-13T21:56:57Z">
          <reporter-output>
          </reporter-output>
        </test-method> <!-- FourthTest -->
        <test-method status="PASS" signature="FirstTest()[pri:0, instance:Framework.testNG.prioritizing_test@436e852b]" name="FirstTest" duration-ms="5" started-at="2018-01-13T21:56:57Z" depends-on-methods="Framework.testNG.prioritizing_test.SecondTest" finished-at="2018-01-13T21:56:57Z">
          <reporter-output>
          </reporter-output>
        </test-method> <!-- FirstTest -->
      </class> <!-- Framework.testNG.prioritizing_test -->
      <class name="Framework.testNG.annotations_testNG">
        <test-method status="PASS" signature="installSoftware()[pri:0, instance:Framework.testNG.annotations_testNG@1563da5]" name="installSoftware" is-config="true" duration-ms="15" started-at="2018-01-13T21:56:57Z" finished-at="2018-01-13T21:56:57Z">
          <reporter-output>
          </reporter-output>
        </test-method> <!-- installSoftware -->
        <test-method status="PASS" signature="deleteSoftware()[pri:0, instance:Framework.testNG.annotations_testNG@1563da5]" name="deleteSoftware" is-config="true" duration-ms="1" started-at="2018-01-13T21:56:57Z" finished-at="2018-01-13T21:56:57Z">
          <reporter-output>
          </reporter-output>
        </test-method> <!-- deleteSoftware -->
      </class> <!-- Framework.testNG.annotations_testNG -->
    </test> <!-- Smoke-2 TestCases -->
  </suite> <!-- Automation Test -->
</testng-results>
